This file contains any messages produced by compilers while
running configure, to aid debugging if configure makes a mistake.

It was created by libuuid configure 1.0.2, which was
generated by GNU Autoconf 2.69.  Invocation command line was

  $ configure --prefix=/home/jimmy_shen/gpl_Prac/dir859_redo/rootfs --host=mips-linux CC=mips-linux-gcc AS=mips-linux-as AR=mips-linux-ar LD=mips-linux-ld RANLIB=mips-linux-ranlib STRIP=mips-linux-strip --enable-shared=yes host_alias=mips-linux CFLAGS= LDFLAGS=-L/home/jimmy_shen/gpl_Prac/dir859_redo/progs.gpl/mtd-utils/libuuid-1.0.2/.libs --no-create --no-recursion

## --------- ##
## Platform. ##
## --------- ##

hostname = 105
uname -m = i686
uname -r = 3.13.0-32-generic
uname -s = Linux
uname -v = #57~precise1-Ubuntu SMP Tue Jul 15 03:50:54 UTC 2014

/usr/bin/uname -p = unknown
/bin/uname -X     = unknown

/bin/arch              = i686
/usr/bin/arch -k       = unknown
/usr/convex/getsysinfo = unknown
/usr/bin/hostinfo      = unknown
/bin/machine           = unknown
/usr/bin/oslevel       = unknown
/bin/universe          = unknown

PATH: /opt/mips-gcc-4.3.3-uClibc-0.9.30/usr/bin
PATH: /opt/mips-gcc-4.3.3-uClibc-0.9.30/usr/bin
PATH: /usr/local/sbin
PATH: /usr/local/bin
PATH: /usr/sbin
PATH: /usr/bin
PATH: /sbin
PATH: /bin
PATH: /usr/games


## ----------- ##
## Core tests. ##
## ----------- ##

configure:2433: checking for a BSD-compatible install
configure:2501: result: /usr/bin/install -c
configure:2512: checking whether build environment is sane
configure:2567: result: yes
configure:2626: checking for mips-linux-strip
configure:2653: result: mips-linux-strip
configure:2718: checking for a thread-safe mkdir -p
configure:2757: result: /bin/mkdir -p
configure:2770: checking for gawk
configure:2786: found /usr/bin/gawk
configure:2797: result: gawk
configure:2808: checking whether make sets $(MAKE)
configure:2830: result: yes
configure:2939: checking build system type
configure:2953: result: i686-pc-linux-gnu
configure:2973: checking host system type
configure:2986: result: mips-unknown-linux-gnu
configure:3027: checking how to print strings
configure:3054: result: printf
configure:3087: checking for style of include used by make
configure:3115: result: GNU
configure:3146: checking for mips-linux-gcc
configure:3173: result: mips-linux-gcc
configure:3442: checking for C compiler version
configure:3451: mips-linux-gcc --version >&5
mips-linux-gcc (GCC) 4.3.3
Copyright (C) 2008 Free Software Foundation, Inc.
This is free software; see the source for copying conditions.  There is NO
warranty; not even for MERCHANTABILITY or FITNESS FOR A PARTICULAR PURPOSE.

configure:3462: $? = 0
configure:3451: mips-linux-gcc -v >&5
Using built-in specs.
Target: mips-linux-uclibc
Configured with: /opt/clone/LSDK-10.2.00082-4/build/buildroot-2009.08/toolchain_build_mips/gcc-4.3.3/configure --prefix=/usr --build=i386-pc-linux-gnu --host=i386-pc-linux-gnu --target=mips-linux-uclibc --enable-languages=c,c++ --with-sysroot=/opt/mips-gcc-4.3.3-uClibc-0.9.30 --with-build-time-tools=/opt/mips-gcc-4.3.3-uClibc-0.9.30/usr/mips-linux-uclibc/bin --disable-__cxa_atexit --enable-target-optspace --with-gnu-ld --disable-libssp --disable-tls --enable-shared --with-gmp=/opt/clone/LSDK-10.2.00082-4/build/buildroot-2009.08/toolchain_build_mips/gmp --with-mpfr=/opt/clone/LSDK-10.2.00082-4/build/buildroot-2009.08/toolchain_build_mips/mpfr --disable-nls --enable-threads --disable-multilib --disable-decimal-float --with-float=soft --with-abi=32 --with-tune=mips32r2
Thread model: posix
gcc version 4.3.3 (GCC) 
configure:3462: $? = 0
configure:3451: mips-linux-gcc -V >&5
mips-linux-gcc: '-V' option must have argument
configure:3462: $? = 1
configure:3451: mips-linux-gcc -qversion >&5
mips-linux-gcc: unrecognized option '-qversion'
mips-linux-gcc: no input files
configure:3462: $? = 1
configure:3482: checking whether the C compiler works
configure:3504: mips-linux-gcc   -L/home/jimmy_shen/gpl_Prac/dir859_redo/progs.gpl/mtd-utils/libuuid-1.0.2/.libs conftest.c  >&5
configure:3508: $? = 0
configure:3556: result: yes
configure:3559: checking for C compiler default output file name
configure:3561: result: a.out
configure:3567: checking for suffix of executables
configure:3574: mips-linux-gcc -o conftest   -L/home/jimmy_shen/gpl_Prac/dir859_redo/progs.gpl/mtd-utils/libuuid-1.0.2/.libs conftest.c  >&5
configure:3578: $? = 0
configure:3600: result: 
configure:3622: checking whether we are cross compiling
configure:3630: mips-linux-gcc -o conftest   -L/home/jimmy_shen/gpl_Prac/dir859_redo/progs.gpl/mtd-utils/libuuid-1.0.2/.libs conftest.c  >&5
configure:3634: $? = 0
configure:3641: ./conftest
configure: line 3643: ./conftest: cannot execute binary file
configure:3645: $? = 126
configure:3660: result: yes
configure:3665: checking for suffix of object files
configure:3687: mips-linux-gcc -c   conftest.c >&5
configure:3691: $? = 0
configure:3712: result: o
configure:3716: checking whether we are using the GNU C compiler
configure:3735: mips-linux-gcc -c   conftest.c >&5
configure:3735: $? = 0
configure:3744: result: yes
configure:3753: checking whether mips-linux-gcc accepts -g
configure:3773: mips-linux-gcc -c -g  conftest.c >&5
configure:3773: $? = 0
configure:3814: result: yes
configure:3831: checking for mips-linux-gcc option to accept ISO C89
configure:3894: mips-linux-gcc  -c   conftest.c >&5
configure:3894: $? = 0
configure:3907: result: none needed
configure:3929: checking dependency style of mips-linux-gcc
configure:4040: result: gcc3
configure:4055: checking for a sed that does not truncate output
configure:4119: result: /bin/sed
configure:4137: checking for grep that handles long lines and -e
configure:4195: result: /bin/grep
configure:4200: checking for egrep
configure:4262: result: /bin/grep -E
configure:4267: checking for fgrep
configure:4329: result: /bin/grep -F
configure:4364: checking for ld used by mips-linux-gcc
configure:4431: result: mips-linux-ld
configure:4438: checking if the linker (mips-linux-ld) is GNU ld
configure:4453: result: yes
configure:4465: checking for BSD- or MS-compatible name lister (nm)
configure:4514: result: /opt/mips-gcc-4.3.3-uClibc-0.9.30/usr/bin/mips-linux-nm -B
configure:4644: checking the name lister (/opt/mips-gcc-4.3.3-uClibc-0.9.30/usr/bin/mips-linux-nm -B) interface
configure:4651: mips-linux-gcc -c   conftest.c >&5
configure:4654: /opt/mips-gcc-4.3.3-uClibc-0.9.30/usr/bin/mips-linux-nm -B "conftest.o"
configure:4657: output
00000000 B some_variable
configure:4664: result: BSD nm
configure:4667: checking whether ln -s works
configure:4671: result: yes
configure:4679: checking the maximum length of command line arguments
configure:4809: result: 805306365
configure:4826: checking whether the shell understands some XSI constructs
configure:4836: result: yes
configure:4840: checking whether the shell understands "+="
configure:4846: result: yes
configure:4881: checking how to convert i686-pc-linux-gnu file names to mips-unknown-linux-gnu format
configure:4921: result: func_convert_file_noop
configure:4928: checking how to convert i686-pc-linux-gnu file names to toolchain format
configure:4948: result: func_convert_file_noop
configure:4955: checking for mips-linux-ld option to reload object files
configure:4962: result: -r
configure:4996: checking for mips-linux-objdump
configure:5012: found /opt/mips-gcc-4.3.3-uClibc-0.9.30/usr/bin/mips-linux-objdump
configure:5023: result: mips-linux-objdump
configure:5095: checking how to recognize dependent libraries
configure:5297: result: pass_all
configure:5342: checking for mips-linux-dlltool
configure:5372: result: no
configure:5382: checking for dlltool
configure:5412: result: no
configure:5442: checking how to associate runtime and link libraries
configure:5469: result: printf %s\n
configure:5486: checking for mips-linux-ar
configure:5513: result: mips-linux-ar
configure:5594: checking for archiver @FILE support
configure:5611: mips-linux-gcc -c   conftest.c >&5
configure:5611: $? = 0
configure:5614: mips-linux-ar cru libconftest.a @conftest.lst >&5
configure:5617: $? = 0
configure:5622: mips-linux-ar cru libconftest.a @conftest.lst >&5
mips-linux-ar: conftest.o: No such file or directory
configure:5625: $? = 1
configure:5637: result: @
configure:5655: checking for mips-linux-strip
configure:5682: result: mips-linux-strip
configure:5754: checking for mips-linux-ranlib
configure:5781: result: mips-linux-ranlib
configure:5923: checking command to parse /opt/mips-gcc-4.3.3-uClibc-0.9.30/usr/bin/mips-linux-nm -B output from mips-linux-gcc object
configure:6043: mips-linux-gcc -c   conftest.c >&5
configure:6046: $? = 0
configure:6050: /opt/mips-gcc-4.3.3-uClibc-0.9.30/usr/bin/mips-linux-nm -B conftest.o \| sed -n -e 's/^.*[ ]\([ABCDGIRSTW][ABCDGIRSTW]*\)[ ][ ]*\([_A-Za-z][_A-Za-z0-9]*\)$/\1 \2 \2/p' | sed '/ __gnu_lto/d' \> conftest.nm
configure:6053: $? = 0
configure:6119: mips-linux-gcc -o conftest   -L/home/jimmy_shen/gpl_Prac/dir859_redo/progs.gpl/mtd-utils/libuuid-1.0.2/.libs conftest.c conftstm.o >&5
configure:6122: $? = 0
configure:6160: result: ok
configure:6197: checking for sysroot
configure:6227: result: no
configure:6443: checking for mips-linux-mt
configure:6473: result: no
configure:6483: checking for mt
configure:6499: found /bin/mt
configure:6510: result: mt
configure:6522: WARNING: using cross tools not prefixed with host triplet
configure:6533: checking if mt is a manifest tool
configure:6539: mt '-?'
configure:6547: result: no
configure:7189: checking how to run the C preprocessor
configure:7220: mips-linux-gcc -E  conftest.c
configure:7220: $? = 0
configure:7234: mips-linux-gcc -E  conftest.c
conftest.c:11:28: error: ac_nonexistent.h: No such file or directory
configure:7234: $? = 1
configure: failed program was:
| /* confdefs.h */
| #define PACKAGE_NAME "libuuid"
| #define PACKAGE_TARNAME "libuuid"
| #define PACKAGE_VERSION "1.0.2"
| #define PACKAGE_STRING "libuuid 1.0.2"
| #define PACKAGE_BUGREPORT "sloowfranklin@gmail.com"
| #define PACKAGE_URL ""
| #define PACKAGE "libuuid"
| #define VERSION "1.0.2"
| /* end confdefs.h.  */
| #include <ac_nonexistent.h>
configure:7259: result: mips-linux-gcc -E
configure:7279: mips-linux-gcc -E  conftest.c
configure:7279: $? = 0
configure:7293: mips-linux-gcc -E  conftest.c
conftest.c:11:28: error: ac_nonexistent.h: No such file or directory
configure:7293: $? = 1
configure: failed program was:
| /* confdefs.h */
| #define PACKAGE_NAME "libuuid"
| #define PACKAGE_TARNAME "libuuid"
| #define PACKAGE_VERSION "1.0.2"
| #define PACKAGE_STRING "libuuid 1.0.2"
| #define PACKAGE_BUGREPORT "sloowfranklin@gmail.com"
| #define PACKAGE_URL ""
| #define PACKAGE "libuuid"
| #define VERSION "1.0.2"
| /* end confdefs.h.  */
| #include <ac_nonexistent.h>
configure:7322: checking for ANSI C header files
configure:7342: mips-linux-gcc -c   conftest.c >&5
configure:7342: $? = 0
configure:7426: result: yes
configure:7439: checking for sys/types.h
configure:7439: mips-linux-gcc -c   conftest.c >&5
configure:7439: $? = 0
configure:7439: result: yes
configure:7439: checking for sys/stat.h
configure:7439: mips-linux-gcc -c   conftest.c >&5
configure:7439: $? = 0
configure:7439: result: yes
configure:7439: checking for stdlib.h
configure:7439: mips-linux-gcc -c   conftest.c >&5
configure:7439: $? = 0
configure:7439: result: yes
configure:7439: checking for string.h
configure:7439: mips-linux-gcc -c   conftest.c >&5
configure:7439: $? = 0
configure:7439: result: yes
configure:7439: checking for memory.h
configure:7439: mips-linux-gcc -c   conftest.c >&5
configure:7439: $? = 0
configure:7439: result: yes
configure:7439: checking for strings.h
configure:7439: mips-linux-gcc -c   conftest.c >&5
configure:7439: $? = 0
configure:7439: result: yes
configure:7439: checking for inttypes.h
configure:7439: mips-linux-gcc -c   conftest.c >&5
configure:7439: $? = 0
configure:7439: result: yes
configure:7439: checking for stdint.h
configure:7439: mips-linux-gcc -c   conftest.c >&5
configure:7439: $? = 0
configure:7439: result: yes
configure:7439: checking for unistd.h
configure:7439: mips-linux-gcc -c   conftest.c >&5
configure:7439: $? = 0
configure:7439: result: yes
configure:7453: checking for dlfcn.h
configure:7453: mips-linux-gcc -c   conftest.c >&5
configure:7453: $? = 0
configure:7453: result: yes
configure:7659: checking for objdir
configure:7674: result: .libs
configure:7941: checking if mips-linux-gcc supports -fno-rtti -fno-exceptions
configure:7959: mips-linux-gcc -c   -fno-rtti -fno-exceptions conftest.c >&5
cc1: warning: command line option "-fno-rtti" is valid for C++/ObjC++ but not for C
configure:7963: $? = 0
configure:7976: result: no
configure:8303: checking for mips-linux-gcc option to produce PIC
configure:8310: result: -fPIC -DPIC
configure:8318: checking if mips-linux-gcc PIC flag -fPIC -DPIC works
configure:8336: mips-linux-gcc -c   -fPIC -DPIC -DPIC conftest.c >&5
configure:8340: $? = 0
configure:8353: result: yes
configure:8382: checking if mips-linux-gcc static flag -static works
configure:8410: result: yes
configure:8425: checking if mips-linux-gcc supports -c -o file.o
configure:8446: mips-linux-gcc -c   -o out/conftest2.o conftest.c >&5
configure:8450: $? = 0
configure:8472: result: yes
configure:8480: checking if mips-linux-gcc supports -c -o file.o
configure:8527: result: yes
configure:8560: checking whether the mips-linux-gcc linker (mips-linux-ld) supports shared libraries
configure:9713: result: yes
configure:9750: checking whether -lc should be explicitly linked in
configure:9758: mips-linux-gcc -c   conftest.c >&5
configure:9761: $? = 0
configure:9776: mips-linux-gcc -shared  -fPIC -DPIC conftest.o  -v -Wl,-soname -Wl,conftest -o conftest 2\>\&1 \| /bin/grep  -lc  \>/dev/null 2\>\&1
configure:9779: $? = 0
configure:9793: result: no
configure:9953: checking dynamic linker characteristics
configure:10464: mips-linux-gcc -o conftest   -L/home/jimmy_shen/gpl_Prac/dir859_redo/progs.gpl/mtd-utils/libuuid-1.0.2/.libs -Wl,-rpath -Wl,/foo conftest.c  >&5
configure:10464: $? = 0
configure:10686: result: GNU/Linux ld.so
configure:10793: checking how to hardcode library paths into programs
configure:10818: result: immediate
configure:11358: checking whether stripping libraries is possible
configure:11363: result: yes
configure:11398: checking if libtool supports shared libraries
configure:11400: result: yes
configure:11403: checking whether to build shared libraries
configure:11424: result: yes
configure:11427: checking whether to build static libraries
configure:11431: result: yes
configure:11478: checking for mips-linux-gcc
configure:11505: result: mips-linux-gcc
configure:11774: checking for C compiler version
configure:11783: mips-linux-gcc --version >&5
mips-linux-gcc (GCC) 4.3.3
Copyright (C) 2008 Free Software Foundation, Inc.
This is free software; see the source for copying conditions.  There is NO
warranty; not even for MERCHANTABILITY or FITNESS FOR A PARTICULAR PURPOSE.

configure:11794: $? = 0
configure:11783: mips-linux-gcc -v >&5
Using built-in specs.
Target: mips-linux-uclibc
Configured with: /opt/clone/LSDK-10.2.00082-4/build/buildroot-2009.08/toolchain_build_mips/gcc-4.3.3/configure --prefix=/usr --build=i386-pc-linux-gnu --host=i386-pc-linux-gnu --target=mips-linux-uclibc --enable-languages=c,c++ --with-sysroot=/opt/mips-gcc-4.3.3-uClibc-0.9.30 --with-build-time-tools=/opt/mips-gcc-4.3.3-uClibc-0.9.30/usr/mips-linux-uclibc/bin --disable-__cxa_atexit --enable-target-optspace --with-gnu-ld --disable-libssp --disable-tls --enable-shared --with-gmp=/opt/clone/LSDK-10.2.00082-4/build/buildroot-2009.08/toolchain_build_mips/gmp --with-mpfr=/opt/clone/LSDK-10.2.00082-4/build/buildroot-2009.08/toolchain_build_mips/mpfr --disable-nls --enable-threads --disable-multilib --disable-decimal-float --with-float=soft --with-abi=32 --with-tune=mips32r2
Thread model: posix
gcc version 4.3.3 (GCC) 
configure:11794: $? = 0
configure:11783: mips-linux-gcc -V >&5
mips-linux-gcc: '-V' option must have argument
configure:11794: $? = 1
configure:11783: mips-linux-gcc -qversion >&5
mips-linux-gcc: unrecognized option '-qversion'
mips-linux-gcc: no input files
configure:11794: $? = 1
configure:11798: checking whether we are using the GNU C compiler
configure:11826: result: yes
configure:11835: checking whether mips-linux-gcc accepts -g
configure:11896: result: yes
configure:11913: checking for mips-linux-gcc option to accept ISO C89
configure:11989: result: none needed
configure:12011: checking dependency style of mips-linux-gcc
configure:12122: result: gcc3
configure:12141: checking for library containing socket
configure:12172: mips-linux-gcc -o conftest   -L/home/jimmy_shen/gpl_Prac/dir859_redo/progs.gpl/mtd-utils/libuuid-1.0.2/.libs conftest.c  >&5
configure:12172: $? = 0
configure:12189: result: none required
configure:12205: checking fcntl.h usability
configure:12205: mips-linux-gcc -c   conftest.c >&5
configure:12205: $? = 0
configure:12205: result: yes
configure:12205: checking fcntl.h presence
configure:12205: mips-linux-gcc -E  conftest.c
configure:12205: $? = 0
configure:12205: result: yes
configure:12205: checking for fcntl.h
configure:12205: result: yes
configure:12205: checking for inttypes.h
configure:12205: result: yes
configure:12205: checking limits.h usability
configure:12205: mips-linux-gcc -c   conftest.c >&5
configure:12205: $? = 0
configure:12205: result: yes
configure:12205: checking limits.h presence
configure:12205: mips-linux-gcc -E  conftest.c
configure:12205: $? = 0
configure:12205: result: yes
configure:12205: checking for limits.h
configure:12205: result: yes
configure:12205: checking netinet/in.h usability
configure:12205: mips-linux-gcc -c   conftest.c >&5
configure:12205: $? = 0
configure:12205: result: yes
configure:12205: checking netinet/in.h presence
configure:12205: mips-linux-gcc -E  conftest.c
configure:12205: $? = 0
configure:12205: result: yes
configure:12205: checking for netinet/in.h
configure:12205: result: yes
configure:12205: checking for stdlib.h
configure:12205: result: yes
configure:12205: checking for string.h
configure:12205: result: yes
configure:12205: checking sys/file.h usability
configure:12205: mips-linux-gcc -c   conftest.c >&5
configure:12205: $? = 0
configure:12205: result: yes
configure:12205: checking sys/file.h presence
configure:12205: mips-linux-gcc -E  conftest.c
configure:12205: $? = 0
configure:12205: result: yes
configure:12205: checking for sys/file.h
configure:12205: result: yes
configure:12205: checking sys/ioctl.h usability
configure:12205: mips-linux-gcc -c   conftest.c >&5
configure:12205: $? = 0
configure:12205: result: yes
configure:12205: checking sys/ioctl.h presence
configure:12205: mips-linux-gcc -E  conftest.c
configure:12205: $? = 0
configure:12205: result: yes
configure:12205: checking for sys/ioctl.h
configure:12205: result: yes
configure:12205: checking sys/socket.h usability
configure:12205: mips-linux-gcc -c   conftest.c >&5
configure:12205: $? = 0
configure:12205: result: yes
configure:12205: checking sys/socket.h presence
configure:12205: mips-linux-gcc -E  conftest.c
configure:12205: $? = 0
configure:12205: result: yes
configure:12205: checking for sys/socket.h
configure:12205: result: yes
configure:12205: checking sys/time.h usability
configure:12205: mips-linux-gcc -c   conftest.c >&5
configure:12205: $? = 0
configure:12205: result: yes
configure:12205: checking sys/time.h presence
configure:12205: mips-linux-gcc -E  conftest.c
configure:12205: $? = 0
configure:12205: result: yes
configure:12205: checking for sys/time.h
configure:12205: result: yes
configure:12205: checking for unistd.h
configure:12205: result: yes
configure:12217: checking for int32_t
configure:12217: mips-linux-gcc -c   conftest.c >&5
configure:12217: $? = 0
configure:12217: mips-linux-gcc -c   conftest.c >&5
conftest.c: In function 'main':
conftest.c:72: warning: integer overflow in expression
conftest.c:72: error: size of array 'test_array' is negative
configure:12217: $? = 1
configure: failed program was:
| /* confdefs.h */
| #define PACKAGE_NAME "libuuid"
| #define PACKAGE_TARNAME "libuuid"
| #define PACKAGE_VERSION "1.0.2"
| #define PACKAGE_STRING "libuuid 1.0.2"
| #define PACKAGE_BUGREPORT "sloowfranklin@gmail.com"
| #define PACKAGE_URL ""
| #define PACKAGE "libuuid"
| #define VERSION "1.0.2"
| #define STDC_HEADERS 1
| #define HAVE_SYS_TYPES_H 1
| #define HAVE_SYS_STAT_H 1
| #define HAVE_STDLIB_H 1
| #define HAVE_STRING_H 1
| #define HAVE_MEMORY_H 1
| #define HAVE_STRINGS_H 1
| #define HAVE_INTTYPES_H 1
| #define HAVE_STDINT_H 1
| #define HAVE_UNISTD_H 1
| #define HAVE_DLFCN_H 1
| #define LT_OBJDIR ".libs/"
| #define HAVE_FCNTL_H 1
| #define HAVE_INTTYPES_H 1
| #define HAVE_LIMITS_H 1
| #define HAVE_NETINET_IN_H 1
| #define HAVE_STDLIB_H 1
| #define HAVE_STRING_H 1
| #define HAVE_SYS_FILE_H 1
| #define HAVE_SYS_IOCTL_H 1
| #define HAVE_SYS_SOCKET_H 1
| #define HAVE_SYS_TIME_H 1
| #define HAVE_UNISTD_H 1
| /* end confdefs.h.  */
| #include <stdio.h>
| #ifdef HAVE_SYS_TYPES_H
| # include <sys/types.h>
| #endif
| #ifdef HAVE_SYS_STAT_H
| # include <sys/stat.h>
| #endif
| #ifdef STDC_HEADERS
| # include <stdlib.h>
| # include <stddef.h>
| #else
| # ifdef HAVE_STDLIB_H
| #  include <stdlib.h>
| # endif
| #endif
| #ifdef HAVE_STRING_H
| # if !defined STDC_HEADERS && defined HAVE_MEMORY_H
| #  include <memory.h>
| # endif
| # include <string.h>
| #endif
| #ifdef HAVE_STRINGS_H
| # include <strings.h>
| #endif
| #ifdef HAVE_INTTYPES_H
| # include <inttypes.h>
| #endif
| #ifdef HAVE_STDINT_H
| # include <stdint.h>
| #endif
| #ifdef HAVE_UNISTD_H
| # include <unistd.h>
| #endif
| 	        enum { N = 32 / 2 - 1 };
| int
| main ()
| {
| static int test_array [1 - 2 * !((int32_t) (((((int32_t) 1 << N) << N) - 1) * 2 + 1)
| 		 < (int32_t) (((((int32_t) 1 << N) << N) - 1) * 2 + 2))];
| test_array [0] = 0;
| return test_array [0];
| 
|   ;
|   return 0;
| }
configure:12217: result: yes
configure:12228: checking for mode_t
configure:12228: mips-linux-gcc -c   conftest.c >&5
configure:12228: $? = 0
configure:12228: mips-linux-gcc -c   conftest.c >&5
conftest.c: In function 'main':
conftest.c:70: error: expected expression before ')' token
configure:12228: $? = 1
configure: failed program was:
| /* confdefs.h */
| #define PACKAGE_NAME "libuuid"
| #define PACKAGE_TARNAME "libuuid"
| #define PACKAGE_VERSION "1.0.2"
| #define PACKAGE_STRING "libuuid 1.0.2"
| #define PACKAGE_BUGREPORT "sloowfranklin@gmail.com"
| #define PACKAGE_URL ""
| #define PACKAGE "libuuid"
| #define VERSION "1.0.2"
| #define STDC_HEADERS 1
| #define HAVE_SYS_TYPES_H 1
| #define HAVE_SYS_STAT_H 1
| #define HAVE_STDLIB_H 1
| #define HAVE_STRING_H 1
| #define HAVE_MEMORY_H 1
| #define HAVE_STRINGS_H 1
| #define HAVE_INTTYPES_H 1
| #define HAVE_STDINT_H 1
| #define HAVE_UNISTD_H 1
| #define HAVE_DLFCN_H 1
| #define LT_OBJDIR ".libs/"
| #define HAVE_FCNTL_H 1
| #define HAVE_INTTYPES_H 1
| #define HAVE_LIMITS_H 1
| #define HAVE_NETINET_IN_H 1
| #define HAVE_STDLIB_H 1
| #define HAVE_STRING_H 1
| #define HAVE_SYS_FILE_H 1
| #define HAVE_SYS_IOCTL_H 1
| #define HAVE_SYS_SOCKET_H 1
| #define HAVE_SYS_TIME_H 1
| #define HAVE_UNISTD_H 1
| /* end confdefs.h.  */
| #include <stdio.h>
| #ifdef HAVE_SYS_TYPES_H
| # include <sys/types.h>
| #endif
| #ifdef HAVE_SYS_STAT_H
| # include <sys/stat.h>
| #endif
| #ifdef STDC_HEADERS
| # include <stdlib.h>
| # include <stddef.h>
| #else
| # ifdef HAVE_STDLIB_H
| #  include <stdlib.h>
| # endif
| #endif
| #ifdef HAVE_STRING_H
| # if !defined STDC_HEADERS && defined HAVE_MEMORY_H
| #  include <memory.h>
| # endif
| # include <string.h>
| #endif
| #ifdef HAVE_STRINGS_H
| # include <strings.h>
| #endif
| #ifdef HAVE_INTTYPES_H
| # include <inttypes.h>
| #endif
| #ifdef HAVE_STDINT_H
| # include <stdint.h>
| #endif
| #ifdef HAVE_UNISTD_H
| # include <unistd.h>
| #endif
| int
| main ()
| {
| if (sizeof ((mode_t)))
| 	    return 0;
|   ;
|   return 0;
| }
configure:12228: result: yes
configure:12239: checking for size_t
configure:12239: mips-linux-gcc -c   conftest.c >&5
configure:12239: $? = 0
configure:12239: mips-linux-gcc -c   conftest.c >&5
conftest.c: In function 'main':
conftest.c:70: error: expected expression before ')' token
configure:12239: $? = 1
configure: failed program was:
| /* confdefs.h */
| #define PACKAGE_NAME "libuuid"
| #define PACKAGE_TARNAME "libuuid"
| #define PACKAGE_VERSION "1.0.2"
| #define PACKAGE_STRING "libuuid 1.0.2"
| #define PACKAGE_BUGREPORT "sloowfranklin@gmail.com"
| #define PACKAGE_URL ""
| #define PACKAGE "libuuid"
| #define VERSION "1.0.2"
| #define STDC_HEADERS 1
| #define HAVE_SYS_TYPES_H 1
| #define HAVE_SYS_STAT_H 1
| #define HAVE_STDLIB_H 1
| #define HAVE_STRING_H 1
| #define HAVE_MEMORY_H 1
| #define HAVE_STRINGS_H 1
| #define HAVE_INTTYPES_H 1
| #define HAVE_STDINT_H 1
| #define HAVE_UNISTD_H 1
| #define HAVE_DLFCN_H 1
| #define LT_OBJDIR ".libs/"
| #define HAVE_FCNTL_H 1
| #define HAVE_INTTYPES_H 1
| #define HAVE_LIMITS_H 1
| #define HAVE_NETINET_IN_H 1
| #define HAVE_STDLIB_H 1
| #define HAVE_STRING_H 1
| #define HAVE_SYS_FILE_H 1
| #define HAVE_SYS_IOCTL_H 1
| #define HAVE_SYS_SOCKET_H 1
| #define HAVE_SYS_TIME_H 1
| #define HAVE_UNISTD_H 1
| /* end confdefs.h.  */
| #include <stdio.h>
| #ifdef HAVE_SYS_TYPES_H
| # include <sys/types.h>
| #endif
| #ifdef HAVE_SYS_STAT_H
| # include <sys/stat.h>
| #endif
| #ifdef STDC_HEADERS
| # include <stdlib.h>
| # include <stddef.h>
| #else
| # ifdef HAVE_STDLIB_H
| #  include <stdlib.h>
| # endif
| #endif
| #ifdef HAVE_STRING_H
| # if !defined STDC_HEADERS && defined HAVE_MEMORY_H
| #  include <memory.h>
| # endif
| # include <string.h>
| #endif
| #ifdef HAVE_STRINGS_H
| # include <strings.h>
| #endif
| #ifdef HAVE_INTTYPES_H
| # include <inttypes.h>
| #endif
| #ifdef HAVE_STDINT_H
| # include <stdint.h>
| #endif
| #ifdef HAVE_UNISTD_H
| # include <unistd.h>
| #endif
| int
| main ()
| {
| if (sizeof ((size_t)))
| 	    return 0;
|   ;
|   return 0;
| }
configure:12239: result: yes
configure:12250: checking for ssize_t
configure:12250: mips-linux-gcc -c   conftest.c >&5
configure:12250: $? = 0
configure:12250: mips-linux-gcc -c   conftest.c >&5
conftest.c: In function 'main':
conftest.c:70: error: expected expression before ')' token
configure:12250: $? = 1
configure: failed program was:
| /* confdefs.h */
| #define PACKAGE_NAME "libuuid"
| #define PACKAGE_TARNAME "libuuid"
| #define PACKAGE_VERSION "1.0.2"
| #define PACKAGE_STRING "libuuid 1.0.2"
| #define PACKAGE_BUGREPORT "sloowfranklin@gmail.com"
| #define PACKAGE_URL ""
| #define PACKAGE "libuuid"
| #define VERSION "1.0.2"
| #define STDC_HEADERS 1
| #define HAVE_SYS_TYPES_H 1
| #define HAVE_SYS_STAT_H 1
| #define HAVE_STDLIB_H 1
| #define HAVE_STRING_H 1
| #define HAVE_MEMORY_H 1
| #define HAVE_STRINGS_H 1
| #define HAVE_INTTYPES_H 1
| #define HAVE_STDINT_H 1
| #define HAVE_UNISTD_H 1
| #define HAVE_DLFCN_H 1
| #define LT_OBJDIR ".libs/"
| #define HAVE_FCNTL_H 1
| #define HAVE_INTTYPES_H 1
| #define HAVE_LIMITS_H 1
| #define HAVE_NETINET_IN_H 1
| #define HAVE_STDLIB_H 1
| #define HAVE_STRING_H 1
| #define HAVE_SYS_FILE_H 1
| #define HAVE_SYS_IOCTL_H 1
| #define HAVE_SYS_SOCKET_H 1
| #define HAVE_SYS_TIME_H 1
| #define HAVE_UNISTD_H 1
| /* end confdefs.h.  */
| #include <stdio.h>
| #ifdef HAVE_SYS_TYPES_H
| # include <sys/types.h>
| #endif
| #ifdef HAVE_SYS_STAT_H
| # include <sys/stat.h>
| #endif
| #ifdef STDC_HEADERS
| # include <stdlib.h>
| # include <stddef.h>
| #else
| # ifdef HAVE_STDLIB_H
| #  include <stdlib.h>
| # endif
| #endif
| #ifdef HAVE_STRING_H
| # if !defined STDC_HEADERS && defined HAVE_MEMORY_H
| #  include <memory.h>
| # endif
| # include <string.h>
| #endif
| #ifdef HAVE_STRINGS_H
| # include <strings.h>
| #endif
| #ifdef HAVE_INTTYPES_H
| # include <inttypes.h>
| #endif
| #ifdef HAVE_STDINT_H
| # include <stdint.h>
| #endif
| #ifdef HAVE_UNISTD_H
| # include <unistd.h>
| #endif
| int
| main ()
| {
| if (sizeof ((ssize_t)))
| 	    return 0;
|   ;
|   return 0;
| }
configure:12250: result: yes
configure:12261: checking for uint16_t
configure:12261: mips-linux-gcc -c   conftest.c >&5
configure:12261: $? = 0
configure:12261: result: yes
configure:12273: checking for uint32_t
configure:12273: mips-linux-gcc -c   conftest.c >&5
configure:12273: $? = 0
configure:12273: result: yes
configure:12287: checking for uint64_t
configure:12287: mips-linux-gcc -c   conftest.c >&5
configure:12287: $? = 0
configure:12287: result: yes
configure:12301: checking for uint8_t
configure:12301: mips-linux-gcc -c   conftest.c >&5
configure:12301: $? = 0
configure:12301: result: yes
configure:12320: checking for ftruncate
configure:12320: mips-linux-gcc -o conftest   -L/home/jimmy_shen/gpl_Prac/dir859_redo/progs.gpl/mtd-utils/libuuid-1.0.2/.libs conftest.c  >&5
configure:12320: $? = 0
configure:12320: result: yes
configure:12320: checking for gettimeofday
configure:12320: mips-linux-gcc -o conftest   -L/home/jimmy_shen/gpl_Prac/dir859_redo/progs.gpl/mtd-utils/libuuid-1.0.2/.libs conftest.c  >&5
configure:12320: $? = 0
configure:12320: result: yes
configure:12320: checking for memset
configure:12320: mips-linux-gcc -o conftest   -L/home/jimmy_shen/gpl_Prac/dir859_redo/progs.gpl/mtd-utils/libuuid-1.0.2/.libs conftest.c  >&5
conftest.c:59: warning: conflicting types for built-in function 'memset'
configure:12320: $? = 0
configure:12320: result: yes
configure:12320: checking for socket
configure:12320: mips-linux-gcc -o conftest   -L/home/jimmy_shen/gpl_Prac/dir859_redo/progs.gpl/mtd-utils/libuuid-1.0.2/.libs conftest.c  >&5
configure:12320: $? = 0
configure:12320: result: yes
configure:12320: checking for strtoul
configure:12320: mips-linux-gcc -o conftest   -L/home/jimmy_shen/gpl_Prac/dir859_redo/progs.gpl/mtd-utils/libuuid-1.0.2/.libs conftest.c  >&5
configure:12320: $? = 0
configure:12320: result: yes
configure:12320: checking for usleep
configure:12320: mips-linux-gcc -o conftest   -L/home/jimmy_shen/gpl_Prac/dir859_redo/progs.gpl/mtd-utils/libuuid-1.0.2/.libs conftest.c  >&5
configure:12320: $? = 0
configure:12320: result: yes
configure:12320: checking for srandom
configure:12320: mips-linux-gcc -o conftest   -L/home/jimmy_shen/gpl_Prac/dir859_redo/progs.gpl/mtd-utils/libuuid-1.0.2/.libs conftest.c  >&5
configure:12320: $? = 0
configure:12320: result: yes
configure:12453: checking that generated files are newer than configure
configure:12459: result: done
configure:12486: creating ./config.status

## ---------------- ##
## Cache variables. ##
## ---------------- ##

ac_cv_build=i686-pc-linux-gnu
ac_cv_c_compiler_gnu=yes
ac_cv_c_int32_t=yes
ac_cv_c_uint16_t=yes
ac_cv_c_uint32_t=yes
ac_cv_c_uint64_t=yes
ac_cv_c_uint8_t=yes
ac_cv_env_CC_set=set
ac_cv_env_CC_value=mips-linux-gcc
ac_cv_env_CFLAGS_set=set
ac_cv_env_CFLAGS_value=
ac_cv_env_CPPFLAGS_set=
ac_cv_env_CPPFLAGS_value=
ac_cv_env_CPP_set=
ac_cv_env_CPP_value=
ac_cv_env_LDFLAGS_set=set
ac_cv_env_LDFLAGS_value=-L/home/jimmy_shen/gpl_Prac/dir859_redo/progs.gpl/mtd-utils/libuuid-1.0.2/.libs
ac_cv_env_LIBS_set=
ac_cv_env_LIBS_value=
ac_cv_env_build_alias_set=
ac_cv_env_build_alias_value=
ac_cv_env_host_alias_set=set
ac_cv_env_host_alias_value=mips-linux
ac_cv_env_target_alias_set=
ac_cv_env_target_alias_value=
ac_cv_func_ftruncate=yes
ac_cv_func_gettimeofday=yes
ac_cv_func_memset=yes
ac_cv_func_socket=yes
ac_cv_func_srandom=yes
ac_cv_func_strtoul=yes
ac_cv_func_usleep=yes
ac_cv_header_dlfcn_h=yes
ac_cv_header_fcntl_h=yes
ac_cv_header_inttypes_h=yes
ac_cv_header_limits_h=yes
ac_cv_header_memory_h=yes
ac_cv_header_netinet_in_h=yes
ac_cv_header_stdc=yes
ac_cv_header_stdint_h=yes
ac_cv_header_stdlib_h=yes
ac_cv_header_string_h=yes
ac_cv_header_strings_h=yes
ac_cv_header_sys_file_h=yes
ac_cv_header_sys_ioctl_h=yes
ac_cv_header_sys_socket_h=yes
ac_cv_header_sys_stat_h=yes
ac_cv_header_sys_time_h=yes
ac_cv_header_sys_types_h=yes
ac_cv_header_unistd_h=yes
ac_cv_host=mips-unknown-linux-gnu
ac_cv_objext=o
ac_cv_path_EGREP='/bin/grep -E'
ac_cv_path_FGREP='/bin/grep -F'
ac_cv_path_GREP=/bin/grep
ac_cv_path_SED=/bin/sed
ac_cv_path_install='/usr/bin/install -c'
ac_cv_path_mkdir=/bin/mkdir
ac_cv_prog_AR=mips-linux-ar
ac_cv_prog_AWK=gawk
ac_cv_prog_CC=mips-linux-gcc
ac_cv_prog_CPP='mips-linux-gcc -E'
ac_cv_prog_OBJDUMP=mips-linux-objdump
ac_cv_prog_RANLIB=mips-linux-ranlib
ac_cv_prog_STRIP=mips-linux-strip
ac_cv_prog_ac_ct_MANIFEST_TOOL=mt
ac_cv_prog_cc_c89=
ac_cv_prog_cc_g=yes
ac_cv_prog_make_make_set=yes
ac_cv_search_socket='none required'
ac_cv_type_mode_t=yes
ac_cv_type_size_t=yes
ac_cv_type_ssize_t=yes
am_cv_CC_dependencies_compiler_type=gcc3
lt_cv_ar_at_file=@
lt_cv_archive_cmds_need_lc=no
lt_cv_deplibs_check_method=pass_all
lt_cv_file_magic_cmd='$MAGIC_CMD'
lt_cv_file_magic_test_file=
lt_cv_ld_reload_flag=-r
lt_cv_nm_interface='BSD nm'
lt_cv_objdir=.libs
lt_cv_path_LD=mips-linux-ld
lt_cv_path_NM='/opt/mips-gcc-4.3.3-uClibc-0.9.30/usr/bin/mips-linux-nm -B'
lt_cv_path_mainfest_tool=no
lt_cv_prog_compiler_c_o=yes
lt_cv_prog_compiler_pic='-fPIC -DPIC'
lt_cv_prog_compiler_pic_works=yes
lt_cv_prog_compiler_rtti_exceptions=no
lt_cv_prog_compiler_static_works=yes
lt_cv_prog_gnu_ld=yes
lt_cv_sharedlib_from_linklib_cmd='printf %s\n'
lt_cv_shlibpath_overrides_runpath=no
lt_cv_sys_global_symbol_pipe='sed -n -e '\''s/^.*[	 ]\([ABCDGIRSTW][ABCDGIRSTW]*\)[	 ][	 ]*\([_A-Za-z][_A-Za-z0-9]*\)$/\1 \2 \2/p'\'' | sed '\''/ __gnu_lto/d'\'''
lt_cv_sys_global_symbol_to_c_name_address='sed -n -e '\''s/^: \([^ ]*\)[ ]*$/  {\"\1\", (void *) 0},/p'\'' -e '\''s/^[ABCDGIRSTW]* \([^ ]*\) \([^ ]*\)$/  {"\2", (void *) \&\2},/p'\'''
lt_cv_sys_global_symbol_to_c_name_address_lib_prefix='sed -n -e '\''s/^: \([^ ]*\)[ ]*$/  {\"\1\", (void *) 0},/p'\'' -e '\''s/^[ABCDGIRSTW]* \([^ ]*\) \(lib[^ ]*\)$/  {"\2", (void *) \&\2},/p'\'' -e '\''s/^[ABCDGIRSTW]* \([^ ]*\) \([^ ]*\)$/  {"lib\2", (void *) \&\2},/p'\'''
lt_cv_sys_global_symbol_to_cdecl='sed -n -e '\''s/^T .* \(.*\)$/extern int \1();/p'\'' -e '\''s/^[ABCDGIRSTW]* .* \(.*\)$/extern char \1;/p'\'''
lt_cv_sys_max_cmd_len=805306365
lt_cv_to_host_file_cmd=func_convert_file_noop
lt_cv_to_tool_file_cmd=func_convert_file_noop

## ----------------- ##
## Output variables. ##
## ----------------- ##

ACLOCAL='${SHELL} /home/jimmy_shen/gpl_Prac/dir859_redo/progs.gpl/mtd-utils/libuuid-1.0.2/missing --run aclocal-1.12'
AMDEPBACKSLASH='\'
AMDEP_FALSE='#'
AMDEP_TRUE=''
AMTAR='$${TAR-tar}'
AR='mips-linux-ar'
AUTOCONF='${SHELL} /home/jimmy_shen/gpl_Prac/dir859_redo/progs.gpl/mtd-utils/libuuid-1.0.2/missing --run autoconf'
AUTOHEADER='${SHELL} /home/jimmy_shen/gpl_Prac/dir859_redo/progs.gpl/mtd-utils/libuuid-1.0.2/missing --run autoheader'
AUTOMAKE='${SHELL} /home/jimmy_shen/gpl_Prac/dir859_redo/progs.gpl/mtd-utils/libuuid-1.0.2/missing --run automake-1.12'
AWK='gawk'
CC='mips-linux-gcc'
CCDEPMODE='depmode=gcc3'
CFLAGS=''
CPP='mips-linux-gcc -E'
CPPFLAGS=''
CYGPATH_W='echo'
DEFS='-DHAVE_CONFIG_H'
DEPDIR='.deps'
DLLTOOL='false'
DSYMUTIL=''
DUMPBIN=''
ECHO_C=''
ECHO_N='-n'
ECHO_T=''
EGREP='/bin/grep -E'
EXEEXT=''
FGREP='/bin/grep -F'
GREP='/bin/grep'
INSTALL_DATA='${INSTALL} -m 644'
INSTALL_PROGRAM='${INSTALL}'
INSTALL_SCRIPT='${INSTALL}'
INSTALL_STRIP_PROGRAM='$(install_sh) -c -s'
LD='mips-linux-ld'
LDFLAGS='-L/home/jimmy_shen/gpl_Prac/dir859_redo/progs.gpl/mtd-utils/libuuid-1.0.2/.libs'
LIBOBJS=''
LIBS=''
LIBTOOL='$(SHELL) $(top_builddir)/libtool'
LIBUUID_VERSION='1.0.2'
LIBUUID_VERSION_INFO='1:0:0'
LIPO=''
LN_S='ln -s'
LTLIBOBJS=''
MAKEINFO='${SHELL} /home/jimmy_shen/gpl_Prac/dir859_redo/progs.gpl/mtd-utils/libuuid-1.0.2/missing --run makeinfo'
MANIFEST_TOOL=':'
MKDIR_P='/bin/mkdir -p'
NM='/opt/mips-gcc-4.3.3-uClibc-0.9.30/usr/bin/mips-linux-nm -B'
NMEDIT=''
OBJDUMP='mips-linux-objdump'
OBJEXT='o'
OTOOL64=''
OTOOL=''
PACKAGE='libuuid'
PACKAGE_BUGREPORT='sloowfranklin@gmail.com'
PACKAGE_NAME='libuuid'
PACKAGE_STRING='libuuid 1.0.2'
PACKAGE_TARNAME='libuuid'
PACKAGE_URL=''
PACKAGE_VERSION='1.0.2'
PATH_SEPARATOR=':'
RANLIB='mips-linux-ranlib'
SED='/bin/sed'
SET_MAKE=''
SHELL='/bin/sh'
SOCKET_LIBS=''
STRIP='mips-linux-strip'
VERSION='1.0.2'
ac_ct_AR=''
ac_ct_CC=''
ac_ct_DUMPBIN=''
am__EXEEXT_FALSE=''
am__EXEEXT_TRUE='#'
am__fastdepCC_FALSE='#'
am__fastdepCC_TRUE=''
am__include='include'
am__isrc=''
am__leading_dot='.'
am__nodep='_no'
am__quote=''
am__tar='$${TAR-tar} chof - "$$tardir"'
am__untar='$${TAR-tar} xf -'
bindir='${exec_prefix}/bin'
build='i686-pc-linux-gnu'
build_alias=''
build_cpu='i686'
build_os='linux-gnu'
build_vendor='pc'
datadir='${datarootdir}'
datarootdir='${prefix}/share'
docdir='${datarootdir}/doc/${PACKAGE_TARNAME}'
dvidir='${docdir}'
exec_prefix='${prefix}'
host='mips-unknown-linux-gnu'
host_alias='mips-linux'
host_cpu='mips'
host_os='linux-gnu'
host_vendor='unknown'
htmldir='${docdir}'
includedir='${prefix}/include'
infodir='${datarootdir}/info'
install_sh='${SHELL} /home/jimmy_shen/gpl_Prac/dir859_redo/progs.gpl/mtd-utils/libuuid-1.0.2/install-sh'
libdir='${exec_prefix}/lib'
libexecdir='${exec_prefix}/libexec'
localedir='${datarootdir}/locale'
localstatedir='${prefix}/var'
mandir='${datarootdir}/man'
mkdir_p='/bin/mkdir -p'
oldincludedir='/usr/include'
pdfdir='${docdir}'
prefix='/home/jimmy_shen/gpl_Prac/dir859_redo/rootfs'
program_transform_name='s,x,x,'
psdir='${docdir}'
sbindir='${exec_prefix}/sbin'
sharedstatedir='${prefix}/com'
sysconfdir='${prefix}/etc'
target_alias=''

## ----------- ##
## confdefs.h. ##
## ----------- ##

/* confdefs.h */
#define PACKAGE_NAME "libuuid"
#define PACKAGE_TARNAME "libuuid"
#define PACKAGE_VERSION "1.0.2"
#define PACKAGE_STRING "libuuid 1.0.2"
#define PACKAGE_BUGREPORT "sloowfranklin@gmail.com"
#define PACKAGE_URL ""
#define PACKAGE "libuuid"
#define VERSION "1.0.2"
#define STDC_HEADERS 1
#define HAVE_SYS_TYPES_H 1
#define HAVE_SYS_STAT_H 1
#define HAVE_STDLIB_H 1
#define HAVE_STRING_H 1
#define HAVE_MEMORY_H 1
#define HAVE_STRINGS_H 1
#define HAVE_INTTYPES_H 1
#define HAVE_STDINT_H 1
#define HAVE_UNISTD_H 1
#define HAVE_DLFCN_H 1
#define LT_OBJDIR ".libs/"
#define HAVE_FCNTL_H 1
#define HAVE_INTTYPES_H 1
#define HAVE_LIMITS_H 1
#define HAVE_NETINET_IN_H 1
#define HAVE_STDLIB_H 1
#define HAVE_STRING_H 1
#define HAVE_SYS_FILE_H 1
#define HAVE_SYS_IOCTL_H 1
#define HAVE_SYS_SOCKET_H 1
#define HAVE_SYS_TIME_H 1
#define HAVE_UNISTD_H 1
#define HAVE_FTRUNCATE 1
#define HAVE_GETTIMEOFDAY 1
#define HAVE_MEMSET 1
#define HAVE_SOCKET 1
#define HAVE_STRTOUL 1
#define HAVE_USLEEP 1
#define HAVE_SRANDOM 1

configure: exit 0

## ---------------------- ##
## Running config.status. ##
## ---------------------- ##

This file was extended by libuuid config.status 1.0.2, which was
generated by GNU Autoconf 2.69.  Invocation command line was

  CONFIG_FILES    = 
  CONFIG_HEADERS  = 
  CONFIG_LINKS    = 
  CONFIG_COMMANDS = 
  $ ./config.status 

on 105

config.status:1098: creating Makefile
config.status:1098: creating uuid.pc
config.status:1098: creating config.h
config.status:1279: config.h is unchanged
config.status:1327: executing depfiles commands
config.status:1327: executing libtool commands

## ---------------------- ##
## Running config.status. ##
## ---------------------- ##

This file was extended by libuuid config.status 1.0.2, which was
generated by GNU Autoconf 2.69.  Invocation command line was

  CONFIG_FILES    = 
  CONFIG_HEADERS  = 
  CONFIG_LINKS    = 
  CONFIG_COMMANDS = 
  $ ./config.status config.h

on 105

config.status:1098: creating config.h
config.status:1279: config.h is unchanged
